<?xml version="1.0" encoding="UTF-8"?>
<!-- Generated by org.testng.reporters.JUnitReportReporter -->
<testsuite hostname="Om_Namah_Shivay" failures="0" tests="4" name="api.test.UserTests" time="8.526" errors="0" timestamp="2024-04-20T17:00:10 IST" skipped="0">
  <testcase classname="api.test.UserTests" name="testPostUser" time="4.072"/>
  <testcase classname="api.test.UserTests" name="testGetUserByName" time="1.123"/>
  <testcase classname="api.test.UserTests" name="testUpdateUserByName" time="2.207"/>
  <testcase classname="api.test.UserTests" name="testDeleteUserByName" time="1.124"/>
</testsuite> <!-- api.test.UserTests -->
