<?xml version="1.0" encoding="UTF-8"?>
<!-- Generated by org.testng.reporters.JUnitReportReporter -->
<testsuite hostname="Om_Namah_Shivay" failures="0" tests="6" name="api.test.DDTests" time="8.771" errors="0" timestamp="2024-04-20T17:00:10 IST" skipped="0">
  <testcase classname="api.test.DDTests" name="testPostuser" time="1.207"/>
  <testcase classname="api.test.DDTests" name="testPostuser" time="3.290"/>
  <testcase classname="api.test.DDTests" name="testPostuser" time="1.023"/>
  <testcase classname="api.test.DDTests" name="testDeleteUserByName" time="1.108"/>
  <testcase classname="api.test.DDTests" name="testDeleteUserByName" time="1.050"/>
  <testcase classname="api.test.DDTests" name="testDeleteUserByName" time="1.093"/>
</testsuite> <!-- api.test.DDTests -->
