<?xml version="1.0" encoding="UTF-8"?>
<!-- Generated by org.testng.reporters.JUnitReportReporter -->
<testsuite hostname="Om_Namah_Shivay" failures="0" tests="4" name="api.test.UserTests2" time="7.123" errors="0" timestamp="2024-04-20T17:00:10 IST" skipped="0">
  <testcase classname="api.test.UserTests2" name="testPostUser" time="1.125"/>
  <testcase classname="api.test.UserTests2" name="testGetUserByName" time="1.150"/>
  <testcase classname="api.test.UserTests2" name="testUpdateUserByName" time="3.668"/>
  <testcase classname="api.test.UserTests2" name="testDeleteUserByName" time="1.180"/>
</testsuite> <!-- api.test.UserTests2 -->
