<?xml version="1.0" encoding="UTF-8"?>
<!-- Generated by org.testng.reporters.JUnitReportReporter -->
<testsuite hostname="Om_Namah_Shivay" failures="0" tests="4" name="api.test.UserTests" time="8.400" errors="0" timestamp="2024-04-21T10:14:27 IST" skipped="0">
  <testcase classname="api.test.UserTests" name="testPostUser" time="3.891"/>
  <testcase classname="api.test.UserTests" name="testGetUserByName" time="1.140"/>
  <testcase classname="api.test.UserTests" name="testUpdateUserByName" time="2.255"/>
  <testcase classname="api.test.UserTests" name="testDeleteUserByName" time="1.114"/>
</testsuite> <!-- api.test.UserTests -->
