<?xml version="1.0" encoding="UTF-8"?>
<!-- Generated by org.testng.reporters.JUnitReportReporter -->
<testsuite hostname="Om_Namah_Shivay" failures="0" tests="6" name="api.test.DDTests" time="6.450" errors="0" timestamp="2024-04-21T10:14:27 IST" skipped="0">
  <testcase classname="api.test.DDTests" name="testPostuser" time="1.115"/>
  <testcase classname="api.test.DDTests" name="testPostuser" time="1.037"/>
  <testcase classname="api.test.DDTests" name="testPostuser" time="1.119"/>
  <testcase classname="api.test.DDTests" name="testDeleteUserByName" time="1.061"/>
  <testcase classname="api.test.DDTests" name="testDeleteUserByName" time="1.052"/>
  <testcase classname="api.test.DDTests" name="testDeleteUserByName" time="1.066"/>
</testsuite> <!-- api.test.DDTests -->
