<?xml version="1.0" encoding="UTF-8"?>
<!-- Generated by org.testng.reporters.JUnitReportReporter -->
<testsuite hostname="Om_Namah_Shivay" failures="0" tests="4" name="api.test.UserTests2" time="5.547" errors="0" timestamp="2024-04-21T10:14:27 IST" skipped="0">
  <testcase classname="api.test.UserTests2" name="testPostUser" time="1.161"/>
  <testcase classname="api.test.UserTests2" name="testGetUserByName" time="1.118"/>
  <testcase classname="api.test.UserTests2" name="testUpdateUserByName" time="2.159"/>
  <testcase classname="api.test.UserTests2" name="testDeleteUserByName" time="1.109"/>
</testsuite> <!-- api.test.UserTests2 -->
